<?xml version="1.0" encoding="utf-8" standalone="no"?>
<test-results xmlns:xsi="http://www.w3.org/2001/XMLSchema-instance" xsi:noNamespaceSchemaLocation="nunit_schema_2.5.xsd" name="Pester" total="3" errors="0" failures="0" not-run="0" inconclusive="0" ignored="0" skipped="0" invalid="0" date="2021-11-09" time="18:16:22">
  <environment cwd="D:\azure-powershell\src\DesktopVirtualization" machine-name="DAMAGLEB-Z4" nunit-version="2.5.8.0" os-version="10.0.19043" user-domain="REDMOND" user="damagleb" platform="Microsoft Windows 10 Enterprise|C:\WINDOWS|\Device\Harddisk0\Partition4" clr-version="Unknown" />
  <culture-info current-culture="en-US" current-uiculture="en-US" />
  <test-suite type="TestFixture" name="Pester" executed="True" result="Success" success="True" time="1.3393" asserts="0" description="Pester">
    <results>
      <test-suite type="TestFixture" name="D:\azure-powershell\src\DesktopVirtualization\test\Get-AzWvdScalingPlan.Tests.ps1" executed="True" result="Success" success="True" time="1.3393" asserts="0" description="D:\azure-powershell\src\DesktopVirtualization\test\Get-AzWvdScalingPlan.Tests.ps1">
        <results>
          <test-suite type="TestFixture" name="Get-AzWvdScalingPlan" executed="True" result="Success" success="True" time="1.0918" asserts="0" description="Get-AzWvdScalingPlan">
            <results>
              <test-case description="Get" name="Get-AzWvdScalingPlan.Get" time="0.5233" asserts="0" success="True" result="Success" executed="True" />
              <test-case description="List" name="Get-AzWvdScalingPlan.List" time="0.081" asserts="0" success="True" result="Success" executed="True" />
              <test-case description="List By Subscription" name="Get-AzWvdScalingPlan.List By Subscription" time="0.0525" asserts="0" success="True" result="Success" executed="True" />
            </results>
          </test-suite>
        </results>
      </test-suite>
    </results>
  </test-suite>
</test-results>